C51 COMPILER V9.01   MAIN                                                                  11/21/2014 13:51:25 PAGE 1   


C51 COMPILER V9.01, COMPILATION OF MODULE MAIN
OBJECT MODULE PLACED IN main.OBJ
COMPILER INVOKED BY: C:\Keil\C51\BIN\C51.EXE main.c BROWSE DEBUG OBJECTEXTEND

line level    source

   1          #include <regx52.h>
   2          
   3          #include <stdio.h>
   4          #include <string.h>
   5          
   6          
   7          //------------------CAU HINH I/O------------------
   8          // PORT0 -----------------------------------------
   9          // Cac chan du lieu cua LCD ----------------------
  10          sbit LCD_RS=P2^2;
  11          
  12          sbit LCD_E=P2^3;
  13          sbit LCD_RW=P2^1;
  14          
  15          sbit LCD_D4=P2^4;
  16          sbit LCD_D5=P2^5;
  17          sbit LCD_D6=P2^6;
  18          sbit LCD_D7=P2^7;
  19          sbit DQ=P3^3;
  20          sbit LCD_Data=P2;
  21          
  22          sbit SCL        =P2^1;
  23          sbit SDA        =P2^0;
  24          
  25          #include <DELAY\delay.c>
  26          #include <LCD1602\lcd1602.c>
  27          #include <DS1820\ds18b20.c>
  28          #include <i2c\i2c.c>
  29          #include <ds1307\ds1307.c>
  30          
  31          
  32          
  33          
  34          
  35          
  36          
  37          float Nhiet_Do;                         // DS18b20
  38          unsigned char Lcd_Buff[30];     // LCD1602
  39          unsigned char i;
  40          char time, get_t;
  41          char sec,min,hour;
  42          void main()
  43          {
  44   1              i2c_init();
  45   1              lcd1602_init();
  46   1              lcd1602_clear();
  47   1              lcd1602_gotoxy(0,0);
  48   1              lcd1602_puts("8051 EASY");
  49   1              lcd1602_gotoxy(0,1);
  50   1              lcd1602_puts("TEST KI89S52V2");
  51   1              delay_ms(1000);
  52   1              //DS1307_Write(HOUR,11);
  53   1              //DS1307_Write(MIN,45); 
  54   1      
  55   1              while(1)
C51 COMPILER V9.01   MAIN                                                                  11/21/2014 13:51:25 PAGE 2   

  56   1              {
  57   2              Nhiet_Do = ds18b20_readtemp();
  58   2              sec = DS1307_get(SEC);
  59   2              min = DS1307_get(MIN);  
  60   2              hour= DS1307_get(HOUR);         
  61   2              sprintf(Lcd_Buff," TEMP: %2.2f^C",Nhiet_Do);
  62   2              lcd1602_gotoxy(0,0);
  63   2              lcd1602_puts(Lcd_Buff);
  64   2              lcd1602_gotoxy(13,0);
  65   2              lcd1602_putchar(223);
  66   2              delay_ms(500);
  67   2              sprintf(Lcd_Buff,"TIME: %bu:%bu:%bu ",hour,min,sec);
  68   2              lcd1602_gotoxy(0,1);
  69   2              lcd1602_puts(Lcd_Buff);                         
  70   2              delay_ms(500);
  71   2              
  72   2              
  73   2                                              
  74   2      
  75   2              }
  76   1      }


MODULE INFORMATION:   STATIC OVERLAYABLE
   CODE SIZE        =   1037    ----
   CONSTANT SIZE    =     59    ----
   XDATA SIZE       =   ----    ----
   PDATA SIZE       =   ----    ----
   DATA SIZE        =     40      12
   IDATA SIZE       =   ----    ----
   BIT SIZE         =      1       2
END OF MODULE INFORMATION.


C51 COMPILATION COMPLETE.  0 WARNING(S),  0 ERROR(S)
